<html>
<head>
<title>TestNG:  TestSauceLabs</title>
<link href="../testng.css" rel="stylesheet" type="text/css" />
<link href="../my-testng.css" rel="stylesheet" type="text/css" />

<style type="text/css">
.log { display: none;} 
.stack-trace { display: none;} 
</style>
<script type="text/javascript">
<!--
function flip(e) {
  current = e.style.display;
  if (current == 'block') {
    e.style.display = 'none';
    return 0;
  }
  else {
    e.style.display = 'block';
    return 1;
  }
}

function toggleBox(szDivId, elem, msg1, msg2)
{
  var res = -1;  if (document.getElementById) {
    res = flip(document.getElementById(szDivId));
  }
  else if (document.all) {
    // this is the way old msie versions work
    res = flip(document.all[szDivId]);
  }
  if(elem) {
    if(res == 0) elem.innerHTML = msg1; else elem.innerHTML = msg2;
  }

}

function toggleAllBoxes() {
  if (document.getElementsByTagName) {
    d = document.getElementsByTagName('div');
    for (i = 0; i < d.length; i++) {
      if (d[i].className == 'log') {
        flip(d[i]);
      }
    }
  }
}

// -->
</script>

</head>
<body>
<h2 align='center'>TestSauceLabs</h2><table border='1' align="center">
<tr>
<td>Tests passed/Failed/Skipped:</td><td>6/1/0</td>
</tr><tr>
<td>Started on:</td><td>Fri Aug 09 23:44:02 IST 2024</td>
</tr>
<tr><td>Total time:</td><td>41 seconds (41188 ms)</td>
</tr><tr>
<td>Included groups:</td><td></td>
</tr><tr>
<td>Excluded groups:</td><td></td>
</tr>
</table><p/>
<small><i>(Hover the method name to see the test class name)</i></small><p/>
<table width='100%' border='1' class='invocation-failed'>
<tr><td colspan='4' align='center'><b>FAILED TESTS</b></td></tr>
<tr><td><b>Test method</b></td>
<td><b>Attribute(s)</b></td>
<td width="30%"><b>Exception</b></td>
<td width="10%"><b>Time (seconds)</b></td>
<td><b>Instance</b></td>
</tr>
<tr>
<td title='testSauceDemo.TestValidCompleteFlow.completeCheckout()'><b>completeCheckout</b><br>Test class: testSauceDemo.TestValidCompleteFlow</td>
<td><div><pre>java.lang.AssertionError: expected [Checkout: Complete!] but found [CHECKOUT: COMPLETE!]
	at pagefiles_SauceDemo.CompleteCheckout.ValidateCheckout(CompleteCheckout.java:34)
	at testSauceDemo.TestValidCompleteFlow.completeCheckout(TestValidCompleteFlow.java:103)
	at java.base/java.util.concurrent.ThreadPoolExecutor.runWorker(ThreadPoolExecutor.java:1144)
	at java.base/java.util.concurrent.ThreadPoolExecutor$Worker.run(ThreadPoolExecutor.java:642)
	at java.base/java.lang.Thread.run(Thread.java:1623)
... Removed 16 stack frames</pre></div><a href='#' onClick='toggleBox("stack-trace750465942", this, "Click to show all stack frames", "Click to hide stack frames")'>Click to show all stack frames</a>
<div class='stack-trace' id='stack-trace750465942'><pre>java.lang.AssertionError: expected [Checkout: Complete!] but found [CHECKOUT: COMPLETE!]
	at org.testng.Assert.fail(Assert.java:110)
	at org.testng.Assert.failNotEquals(Assert.java:1413)
	at org.testng.Assert.assertEqualsImpl(Assert.java:149)
	at org.testng.Assert.assertEquals(Assert.java:131)
	at org.testng.Assert.assertEquals(Assert.java:655)
	at org.testng.Assert.assertEquals(Assert.java:665)
	at pagefiles_SauceDemo.CompleteCheckout.ValidateCheckout(CompleteCheckout.java:34)
	at testSauceDemo.TestValidCompleteFlow.completeCheckout(TestValidCompleteFlow.java:103)
	at java.base/jdk.internal.reflect.DirectMethodHandleAccessor.invoke(DirectMethodHandleAccessor.java:104)
	at java.base/java.lang.reflect.Method.invoke(Method.java:578)
	at org.testng.internal.invokers.MethodInvocationHelper.invokeMethod(MethodInvocationHelper.java:139)
	at org.testng.internal.invokers.TestInvoker.invokeMethod(TestInvoker.java:677)
	at org.testng.internal.invokers.TestInvoker.invokeTestMethod(TestInvoker.java:221)
	at org.testng.internal.invokers.MethodRunner.runInSequence(MethodRunner.java:50)
	at org.testng.internal.invokers.TestInvoker$MethodInvocationAgent.invoke(TestInvoker.java:962)
	at org.testng.internal.invokers.TestInvoker.invokeTestMethods(TestInvoker.java:194)
	at org.testng.internal.invokers.TestMethodWorker.invokeTestMethods(TestMethodWorker.java:148)
	at org.testng.internal.invokers.TestMethodWorker.run(TestMethodWorker.java:128)
	at java.base/java.util.concurrent.ThreadPoolExecutor.runWorker(ThreadPoolExecutor.java:1144)
	at java.base/java.util.concurrent.ThreadPoolExecutor$Worker.run(ThreadPoolExecutor.java:642)
	at java.base/java.lang.Thread.run(Thread.java:1623)
</pre></div></td>
<td>0</td>
<td>testSauceDemo.TestValidCompleteFlow@3f390d63</td></tr>
</table><p>
<table width='100%' border='1' class='invocation-passed'>
<tr><td colspan='4' align='center'><b>PASSED TESTS</b></td></tr>
<tr><td><b>Test method</b></td>
<td><b>Attribute(s)</b></td>
<td width="30%"><b>Exception</b></td>
<td width="10%"><b>Time (seconds)</b></td>
<td><b>Instance</b></td>
</tr>
<tr>
<td title='testSauceDemo.performance_glitch_user.login_glitch_User()'><b>login_glitch_User</b><br>Test class: testSauceDemo.performance_glitch_user</td>
<td></td>
<td>7</td>
<td>testSauceDemo.performance_glitch_user@74a6a609</td></tr>
<tr>
<td title='testSauceDemo.locked_out_user.login_locked_User()'><b>login_locked_User</b><br>Test class: testSauceDemo.locked_out_user</td>
<td></td>
<td>6</td>
<td>testSauceDemo.locked_out_user@2371aaca</td></tr>
<tr>
<td title='testSauceDemo.TestValidCompleteFlow.validloginpage()'><b>validloginpage</b><br>Test class: testSauceDemo.TestValidCompleteFlow</td>
<td></td>
<td>6</td>
<td>testSauceDemo.TestValidCompleteFlow@3f390d63</td></tr>
<tr>
<td title='testSauceDemo.TestValidCompleteFlow.Checkout()'><b>Checkout</b><br>Test class: testSauceDemo.TestValidCompleteFlow</td>
<td></td>
<td>1</td>
<td>testSauceDemo.TestValidCompleteFlow@3f390d63</td></tr>
<tr>
<td title='testSauceDemo.TestValidCompleteFlow.addProductToCart()'><b>addProductToCart</b><br>Test class: testSauceDemo.TestValidCompleteFlow</td>
<td></td>
<td>8</td>
<td>testSauceDemo.TestValidCompleteFlow@3f390d63</td></tr>
<tr>
<td title='testSauceDemo.TestValidCompleteFlow.enterUserInfo()'><b>enterUserInfo</b><br>Test class: testSauceDemo.TestValidCompleteFlow</td>
<td></td>
<td>6</td>
<td>testSauceDemo.TestValidCompleteFlow@3f390d63</td></tr>
</table><p>
</body>
</html>