<?xml version="1.0" encoding="UTF-8"?>
<!-- Generated by org.testng.reporters.JUnitXMLReporter -->
<testsuite ignored="0" hostname="IN-39DXTN3" failures="1" tests="8" name="TestSauceLabs" time="40.017" errors="0" timestamp="2022-11-16T14:25:22 IST">
  <testcase classname="testSauceDemo.login_ProblemUser" name="login_Problem_User" time="7.244"/>
  <testcase classname="testSauceDemo.performance_glitch_user" name="login_glitch_User" time="12.255"/>
  <testcase classname="testSauceDemo.locked_out_user" name="login_locked_User" time="6.983"/>
  <testcase classname="testSauceDemo.TestValidCompleteFlow" name="validloginpage" time="7.114"/>
  <testcase classname="testSauceDemo.TestValidCompleteFlow" name="addProductToCart" time="8.404"/>
  <testcase classname="testSauceDemo.TestValidCompleteFlow" name="enterUserInfo" time="6.439"/>
  <testcase classname="testSauceDemo.TestValidCompleteFlow" name="Checkout" time="1.175"/>
  <testcase classname="testSauceDemo.TestValidCompleteFlow" name="completeCheckout" time="1.271">
    <failure type="org.openqa.selenium.ElementNotInteractableException" message="element not interactable
  (Session info: chrome=107.0.5304.107)
Build info: version: &amp;apos;4.4.0&amp;apos;, revision: &amp;apos;e5c75ed026a&amp;apos;
System info: host: &amp;apos;IN-39DXTN3&amp;apos;, ip: &amp;apos;192.168.225.65&amp;apos;, os.name: &amp;apos;Windows 11&amp;apos;, os.arch: &amp;apos;amd64&amp;apos;, os.version: &amp;apos;10.0&amp;apos;, java.version: &amp;apos;17.0.4.1&amp;apos;
Driver info: org.openqa.selenium.chrome.ChromeDriver
Command: [8849f824631edd33849195d6095cb55c, clickElement {id=f286e860-7f96-4570-91b9-91429e00868b}]
Capabilities {acceptInsecureCerts: false, browserName: chrome, browserVersion: 107.0.5304.107, chrome: {chromedriverVersion: 107.0.5304.62 (1eec40d3a576..., userDataDir: C:\Users\ANSHUL~1\AppData\L...}, goog:chromeOptions: {debuggerAddress: localhost:59420}, networkConnectionEnabled: false, pageLoadStrategy: normal, platformName: WINDOWS, proxy: Proxy(), se:cdp: ws://localhost:59420/devtoo..., se:cdpVersion: 107.0.5304.107, setWindowRect: true, strictFileInteractability: false, timeouts: {implicit: 0, pageLoad: 300000, script: 30000}, unhandledPromptBehavior: dismiss and notify, webauthn:extension:credBlob: true, webauthn:extension:largeBlob: true, webauthn:virtualAuthenticators: true}
Element: [[ChromeDriver: chrome on WINDOWS (8849f824631edd33849195d6095cb55c)] -&amp;gt; xpath: //a[text()=&amp;apos;Logout&amp;apos;]]
Session ID: 8849f824631edd33849195d6095cb55c">
      <![CDATA[org.openqa.selenium.ElementNotInteractableException: element not interactable
  (Session info: chrome=107.0.5304.107)
Build info: version: '4.4.0', revision: 'e5c75ed026a'
System info: host: 'IN-39DXTN3', ip: '192.168.225.65', os.name: 'Windows 11', os.arch: 'amd64', os.version: '10.0', java.version: '17.0.4.1'
Driver info: org.openqa.selenium.chrome.ChromeDriver
Command: [8849f824631edd33849195d6095cb55c, clickElement {id=f286e860-7f96-4570-91b9-91429e00868b}]
Capabilities {acceptInsecureCerts: false, browserName: chrome, browserVersion: 107.0.5304.107, chrome: {chromedriverVersion: 107.0.5304.62 (1eec40d3a576..., userDataDir: C:\Users\ANSHUL~1\AppData\L...}, goog:chromeOptions: {debuggerAddress: localhost:59420}, networkConnectionEnabled: false, pageLoadStrategy: normal, platformName: WINDOWS, proxy: Proxy(), se:cdp: ws://localhost:59420/devtoo..., se:cdpVersion: 107.0.5304.107, setWindowRect: true, strictFileInteractability: false, timeouts: {implicit: 0, pageLoad: 300000, script: 30000}, unhandledPromptBehavior: dismiss and notify, webauthn:extension:credBlob: true, webauthn:extension:largeBlob: true, webauthn:virtualAuthenticators: true}
Element: [[ChromeDriver: chrome on WINDOWS (8849f824631edd33849195d6095cb55c)] -> xpath: //a[text()='Logout']]
Session ID: 8849f824631edd33849195d6095cb55c
at org.openqa.selenium.remote.codec.w3c.W3CHttpResponseCodec.createException(W3CHttpResponseCodec.java:200)
at org.openqa.selenium.remote.codec.w3c.W3CHttpResponseCodec.decode(W3CHttpResponseCodec.java:133)
at org.openqa.selenium.remote.codec.w3c.W3CHttpResponseCodec.decode(W3CHttpResponseCodec.java:53)
at org.openqa.selenium.remote.HttpCommandExecutor.execute(HttpCommandExecutor.java:184)
at org.openqa.selenium.remote.service.DriverCommandExecutor.invokeExecute(DriverCommandExecutor.java:167)
at org.openqa.selenium.remote.service.DriverCommandExecutor.execute(DriverCommandExecutor.java:142)
at org.openqa.selenium.remote.RemoteWebDriver.execute(RemoteWebDriver.java:547)
at org.openqa.selenium.remote.RemoteWebElement.execute(RemoteWebElement.java:257)
at org.openqa.selenium.remote.RemoteWebElement.click(RemoteWebElement.java:78)
at org.openqa.selenium.support.pagefactory.internal.LocatingElementHandler.invoke(LocatingElementHandler.java:52)
at jdk.proxy2/jdk.proxy2.$Proxy17.click(Unknown Source)
at pagefiles_SauceDemo.CompleteCheckout.Logout(CompleteCheckout.java:44)
at testSauceDemo.TestValidCompleteFlow.completeCheckout(TestValidCompleteFlow.java:98)
at java.base/java.util.concurrent.ThreadPoolExecutor.runWorker(ThreadPoolExecutor.java:1136)
at java.base/java.util.concurrent.ThreadPoolExecutor$Worker.run(ThreadPoolExecutor.java:635)
at java.base/java.lang.Thread.run(Thread.java:833)
... Removed 21 stack frames]]>
    </failure>
  </testcase> <!-- completeCheckout -->
</testsuite> <!-- TestSauceLabs -->
