<?xml version="1.0" encoding="UTF-8"?>
<!-- Generated by org.testng.reporters.JUnitXMLReporter -->
<testsuite ignored="0" hostname="IN-39DXTN3" failures="0" tests="8" name="TestSauceLabs" time="41.774" errors="0" timestamp="2022-11-16T18:29:06 IST">
  <testcase classname="testSauceDemo.login_ProblemUser" name="login_Problem_User" time="8.132"/>
  <testcase classname="testSauceDemo.performance_glitch_user" name="login_glitch_User" time="13.132"/>
  <testcase classname="testSauceDemo.locked_out_user" name="login_locked_User" time="7.11"/>
  <testcase classname="testSauceDemo.TestValidCompleteFlow" name="validloginpage" time="6.91"/>
  <testcase classname="testSauceDemo.TestValidCompleteFlow" name="addProductToCart" time="8.67"/>
  <testcase classname="testSauceDemo.TestValidCompleteFlow" name="enterUserInfo" time="6.536"/>
  <testcase classname="testSauceDemo.TestValidCompleteFlow" name="Checkout" time="1.298"/>
  <testcase classname="testSauceDemo.TestValidCompleteFlow" name="completeCheckout" time="1.479"/>
</testsuite> <!-- TestSauceLabs -->
