<?xml version="1.0" encoding="UTF-8"?>
<testng-results ignored="0" total="8" passed="8" failed="0" skipped="0">
  <reporter-output>
  </reporter-output>
  <suite started-at="2022-11-16T18:28:24 IST" name="Suite" finished-at="2022-11-16T18:29:05 IST" duration-ms="41774">
    <groups>
    </groups>
    <test started-at="2022-11-16T18:28:24 IST" name="TestSauceLabs" finished-at="2022-11-16T18:29:05 IST" duration-ms="41774">
      <class name="testSauceDemo.login_ProblemUser">
        <test-method is-config="true" signature="Setup()[pri:0, instance:testSauceDemo.login_ProblemUser@43f82e78]" started-at="2022-11-16T18:28:24 IST" name="Setup" finished-at="2022-11-16T18:28:26 IST" duration-ms="2137" status="PASS">
          <reporter-output>
          </reporter-output>
        </test-method> <!-- Setup -->
        <test-method signature="login_Problem_User()[pri:1, instance:testSauceDemo.login_ProblemUser@43f82e78]" started-at="2022-11-16T18:28:26 IST" name="login_Problem_User" finished-at="2022-11-16T18:28:34 IST" duration-ms="8132" status="PASS">
          <reporter-output>
          </reporter-output>
        </test-method> <!-- login_Problem_User -->
        <test-method is-config="true" signature="tearDown()[pri:0, instance:testSauceDemo.login_ProblemUser@43f82e78]" started-at="2022-11-16T18:28:34 IST" name="tearDown" finished-at="2022-11-16T18:28:34 IST" duration-ms="269" status="PASS">
          <reporter-output>
          </reporter-output>
        </test-method> <!-- tearDown -->
      </class> <!-- testSauceDemo.login_ProblemUser -->
      <class name="testSauceDemo.performance_glitch_user">
        <test-method is-config="true" signature="Setup()[pri:0, instance:testSauceDemo.performance_glitch_user@e8df99a]" started-at="2022-11-16T18:28:24 IST" name="Setup" finished-at="2022-11-16T18:28:26 IST" duration-ms="2120" status="PASS">
          <reporter-output>
          </reporter-output>
        </test-method> <!-- Setup -->
        <test-method signature="login_glitch_User()[pri:1, instance:testSauceDemo.performance_glitch_user@e8df99a]" started-at="2022-11-16T18:28:26 IST" name="login_glitch_User" finished-at="2022-11-16T18:28:39 IST" duration-ms="13132" status="PASS">
          <reporter-output>
          </reporter-output>
        </test-method> <!-- login_glitch_User -->
        <test-method is-config="true" signature="tearDown()[pri:0, instance:testSauceDemo.performance_glitch_user@e8df99a]" started-at="2022-11-16T18:28:39 IST" name="tearDown" finished-at="2022-11-16T18:28:39 IST" duration-ms="243" status="PASS">
          <reporter-output>
          </reporter-output>
        </test-method> <!-- tearDown -->
      </class> <!-- testSauceDemo.performance_glitch_user -->
      <class name="testSauceDemo.TestValidCompleteFlow">
        <test-method is-config="true" signature="Setup()[pri:0, instance:testSauceDemo.TestValidCompleteFlow@e54303]" started-at="2022-11-16T18:28:39 IST" name="Setup" finished-at="2022-11-16T18:28:40 IST" duration-ms="961" status="PASS">
          <reporter-output>
          </reporter-output>
        </test-method> <!-- Setup -->
        <test-method signature="validloginpage()[pri:1, instance:testSauceDemo.TestValidCompleteFlow@e54303]" started-at="2022-11-16T18:28:40 IST" name="validloginpage" finished-at="2022-11-16T18:28:47 IST" duration-ms="6910" status="PASS">
          <reporter-output>
          </reporter-output>
        </test-method> <!-- validloginpage -->
        <test-method signature="addProductToCart()[pri:2, instance:testSauceDemo.TestValidCompleteFlow@e54303]" started-at="2022-11-16T18:28:47 IST" name="addProductToCart" finished-at="2022-11-16T18:28:56 IST" duration-ms="8670" status="PASS">
          <reporter-output>
          </reporter-output>
        </test-method> <!-- addProductToCart -->
        <test-method signature="enterUserInfo()[pri:3, instance:testSauceDemo.TestValidCompleteFlow@e54303]" started-at="2022-11-16T18:28:56 IST" name="enterUserInfo" finished-at="2022-11-16T18:29:02 IST" duration-ms="6536" status="PASS">
          <reporter-output>
          </reporter-output>
        </test-method> <!-- enterUserInfo -->
        <test-method signature="Checkout()[pri:4, instance:testSauceDemo.TestValidCompleteFlow@e54303]" started-at="2022-11-16T18:29:02 IST" name="Checkout" finished-at="2022-11-16T18:29:03 IST" duration-ms="1298" status="PASS">
          <reporter-output>
          </reporter-output>
        </test-method> <!-- Checkout -->
        <test-method signature="completeCheckout()[pri:5, instance:testSauceDemo.TestValidCompleteFlow@e54303]" started-at="2022-11-16T18:29:03 IST" name="completeCheckout" finished-at="2022-11-16T18:29:05 IST" duration-ms="1479" status="PASS">
          <reporter-output>
          </reporter-output>
        </test-method> <!-- completeCheckout -->
        <test-method is-config="true" signature="tearDown()[pri:0, instance:testSauceDemo.TestValidCompleteFlow@e54303]" started-at="2022-11-16T18:29:05 IST" name="tearDown" finished-at="2022-11-16T18:29:05 IST" duration-ms="365" status="PASS">
          <reporter-output>
          </reporter-output>
        </test-method> <!-- tearDown -->
      </class> <!-- testSauceDemo.TestValidCompleteFlow -->
      <class name="testSauceDemo.locked_out_user">
        <test-method is-config="true" signature="Setup()[pri:0, instance:testSauceDemo.locked_out_user@46944ca9]" started-at="2022-11-16T18:28:34 IST" name="Setup" finished-at="2022-11-16T18:28:35 IST" duration-ms="924" status="PASS">
          <reporter-output>
          </reporter-output>
        </test-method> <!-- Setup -->
        <test-method signature="login_locked_User()[pri:1, instance:testSauceDemo.locked_out_user@46944ca9]" started-at="2022-11-16T18:28:35 IST" name="login_locked_User" finished-at="2022-11-16T18:28:42 IST" duration-ms="7110" status="PASS">
          <reporter-output>
          </reporter-output>
        </test-method> <!-- login_locked_User -->
        <test-method is-config="true" signature="tearDown()[pri:0, instance:testSauceDemo.locked_out_user@46944ca9]" started-at="2022-11-16T18:28:42 IST" name="tearDown" finished-at="2022-11-16T18:28:42 IST" duration-ms="278" status="PASS">
          <reporter-output>
          </reporter-output>
        </test-method> <!-- tearDown -->
      </class> <!-- testSauceDemo.locked_out_user -->
    </test> <!-- TestSauceLabs -->
  </suite> <!-- Suite -->
</testng-results>
